<?xml version="1.0" encoding="UTF-8"?>
<Site BuildName="Win32-mingw32-make"
	BuildStamp="20240623-0613-Experimental"
	Name="DESKTOP-CBDT"
	Generator="ctest-3.30.0-rc3"
	CompilerName="C:/mingw64/mingw64/bin/g++.exe"
	CompilerVersion="8.1.0"
	OSName="Windows"
	Hostname="DESKTOP-CBDT"
	OSRelease=" Personal"
	OSVersion=" (Build 22631)"
	OSPlatform="AMD64"
	Is64Bits="1"
	VendorString="GenuineIntel"
	VendorID="Intel Corporation"
	FamilyID="6"
	ModelID="14"
	ProcessorCacheSize="-1"
	NumberOfLogicalCPU="8"
	NumberOfPhysicalCPU="4"
	TotalVirtualMemory="18589"
	TotalPhysicalMemory="16157"
	LogicalProcessorsPerPhysical="2"
	ProcessorClockFrequency="2304"
	>
	<Testing>
		<StartDateTime>Jun 23 14:49 中国标准时间</StartDateTime>
		<StartTestTime>1719125341</StartTestTime>
		<TestList/>
		<EndDateTime>Jun 23 14:49 中国标准时间</EndDateTime>
		<EndTestTime>1719125341</EndTestTime>
		<ElapsedMinutes>0</ElapsedMinutes>
	</Testing>
</Site>
